Mar 10, 2024 8:21:14 PM SAPEmail.EventAPIClient compareAndOutputResults
INFO: resultsArray:
[["2024-03-10T15:34:39.949Z","E0024903","ZMMR_MR_FORM","Cannot find PDL type for output device LOCL ; Job canceled after system exception ERROR_MESSAGE"],["2024-03-10T15:34:17.619Z","EA_BM_B01_BL","ZCS_R_D1_NOTIF_UPDATE_EXPIRED","Object does not exist (status management) ; Job canceled after system exception ERROR_MESSAGE"]]
Mar 10, 2024 8:21:14 PM SAPEmail.EventAPIClient compareAndOutputResults
INFO: Match Found! Email for CREATED_BY E0024903: rebin.babu@dewa.gov.ae
Mar 10, 2024 8:21:14 PM SAPEmail.EventAPIClient compareAndOutputResults
INFO: Match Found! Email for CREATED_BY EA_BM_B01_BL: jass.george@dewa.gov.ae
Mar 10, 2024 8:25:59 PM SAPEmail.EventAPIClient compareAndOutputResults
INFO: resultsArray:
[["2024-03-10T15:34:39.949Z","E0024903","ZMMR_MR_FORM","Cannot find PDL type for output device LOCL ; Job canceled after system exception ERROR_MESSAGE"],["2024-03-10T15:34:17.619Z","EA_BM_B01_BL","ZCS_R_D1_NOTIF_UPDATE_EXPIRED","Object does not exist (status management) ; Job canceled after system exception ERROR_MESSAGE"]]
Mar 10, 2024 8:25:59 PM SAPEmail.EventAPIClient compareAndOutputResults
INFO: Match Found! Email for CREATED_BY E0024903: rebin.babu@dewa.gov.ae
Mar 10, 2024 8:25:59 PM SAPEmail.EventAPIClient compareAndOutputResults
INFO: Match Found! Email for CREATED_BY EA_BM_B01_BL: jass.george@dewa.gov.ae
Mar 10, 2024 8:26:02 PM SAPEmail.EventAPIClient compareAndOutputResults
INFO: resultsArray:
[["2024-03-10T15:34:39.949Z","E0024903","ZMMR_MR_FORM","Cannot find PDL type for output device LOCL ; Job canceled after system exception ERROR_MESSAGE"],["2024-03-10T15:34:17.619Z","EA_BM_B01_BL","ZCS_R_D1_NOTIF_UPDATE_EXPIRED","Object does not exist (status management) ; Job canceled after system exception ERROR_MESSAGE"]]
Mar 10, 2024 8:26:02 PM SAPEmail.EventAPIClient compareAndOutputResults
INFO: Match Found! Email for CREATED_BY E0024903: rebin.babu@dewa.gov.ae
Mar 10, 2024 8:26:02 PM SAPEmail.EventAPIClient compareAndOutputResults
INFO: Match Found! Email for CREATED_BY EA_BM_B01_BL: jass.george@dewa.gov.ae
Mar 10, 2024 8:26:04 PM SAPEmail.EventAPIClient compareAndOutputResults
INFO: resultsArray:
[["2024-03-10T15:34:39.949Z","E0024903","ZMMR_MR_FORM","Cannot find PDL type for output device LOCL ; Job canceled after system exception ERROR_MESSAGE"],["2024-03-10T15:34:17.619Z","EA_BM_B01_BL","ZCS_R_D1_NOTIF_UPDATE_EXPIRED","Object does not exist (status management) ; Job canceled after system exception ERROR_MESSAGE"]]
Mar 10, 2024 8:26:04 PM SAPEmail.EventAPIClient compareAndOutputResults
INFO: Match Found! Email for CREATED_BY E0024903: rebin.babu@dewa.gov.ae
Mar 10, 2024 8:26:04 PM SAPEmail.EventAPIClient compareAndOutputResults
INFO: Match Found! Email for CREATED_BY EA_BM_B01_BL: jass.george@dewa.gov.ae
Mar 10, 2024 8:39:17 PM SAPEmail.EventAPIClient compareAndOutputResults
INFO: resultsArray:
[]
Mar 10, 2024 8:42:51 PM SAPEmail.EventAPIClient compareAndOutputResults
INFO: resultsArray:
[["2024-03-10T16:42:40.020Z","EA_BM_B01_BL","ZCS_R_D1_NOTIF_UPDATE_EXPIRED","Object does not exist (status management) ; Job canceled after system exception ERROR_MESSAGE"],["2024-03-10T16:42:33.431Z","E0024903","ZMMR_MR_FORM","Cannot find PDL type for output device LOCL ; Job canceled after system exception ERROR_MESSAGE"]]
Mar 10, 2024 8:42:51 PM SAPEmail.EventAPIClient compareAndOutputResults
INFO: Match Found! Email for CREATED_BY EA_BM_B01_BL: jass.george@dewa.gov.ae
Mar 10, 2024 8:42:51 PM SAPEmail.EventAPIClient compareAndOutputResults
INFO: Match Found! Email for CREATED_BY E0024903: rebin.babu@dewa.gov.ae
Mar 10, 2024 8:43:06 PM SAPEmail.EventAPIClient compareAndOutputResults
INFO: resultsArray:
[["2024-03-10T16:42:40.020Z","EA_BM_B01_BL","ZCS_R_D1_NOTIF_UPDATE_EXPIRED","Object does not exist (status management) ; Job canceled after system exception ERROR_MESSAGE"],["2024-03-10T16:42:33.431Z","E0024903","ZMMR_MR_FORM","Cannot find PDL type for output device LOCL ; Job canceled after system exception ERROR_MESSAGE"]]
Mar 10, 2024 8:43:06 PM SAPEmail.EventAPIClient compareAndOutputResults
INFO: Match Found! Email for CREATED_BY EA_BM_B01_BL: jass.george@dewa.gov.ae
Mar 10, 2024 8:43:06 PM SAPEmail.EventAPIClient compareAndOutputResults
INFO: Match Found! Email for CREATED_BY E0024903: rebin.babu@dewa.gov.ae
Mar 10, 2024 8:48:43 PM SAPEmail.EventAPIClient compareAndOutputResults
INFO: resultsArray:
[["2024-03-10T16:42:40.020Z","EA_BM_B01_BL","ZCS_R_D1_NOTIF_UPDATE_EXPIRED","Object does not exist (status management) ; Job canceled after system exception ERROR_MESSAGE"],["2024-03-10T16:42:33.431Z","E0024903","ZMMR_MR_FORM","Cannot find PDL type for output device LOCL ; Job canceled after system exception ERROR_MESSAGE"]]
Mar 10, 2024 8:48:43 PM SAPEmail.EventAPIClient compareAndOutputResults
INFO: Match Found! Email for CREATED_BY EA_BM_B01_BL: jass.george@dewa.gov.ae
Mar 10, 2024 8:48:43 PM SAPEmail.EventAPIClient compareAndOutputResults
INFO: Match Found! Email for CREATED_BY E0024903: rebin.babu@dewa.gov.ae
Mar 10, 2024 10:56:24 PM SAPEmail.EventAPIClient compareAndOutputResults
INFO: resultsArray:
[["2024-03-10T19:23:58.597Z","EA_BM_B01_BL","ZCS_R_D1_NOTIF_UPDATE_EXPIRED","Object does not exist (status management) ; Job canceled after system exception ERROR_MESSAGE"],["2024-03-10T19:23:51.498Z","E0024903","ZMMR_MR_FORM","Cannot find PDL type for output device LOCL ; Job canceled after system exception ERROR_MESSAGE"],["2024-03-10T19:22:51.195Z","E0024903","ZMMR_MR_FORM","Cannot find PDL type for output device LOCL ; Job canceled after system exception ERROR_MESSAGE"],["2024-03-10T19:22:43.151Z","EA_BM_B01_BL","ZCS_R_D1_NOTIF_UPDATE_EXPIRED","Object does not exist (status management) ; Job canceled after system exception ERROR_MESSAGE"],["2024-03-10T16:42:40.020Z","EA_BM_B01_BL","ZCS_R_D1_NOTIF_UPDATE_EXPIRED","Object does not exist (status management) ; Job canceled after system exception ERROR_MESSAGE"],["2024-03-10T16:42:33.431Z","E0024903","ZMMR_MR_FORM","Cannot find PDL type for output device LOCL ; Job canceled after system exception ERROR_MESSAGE"]]
Mar 10, 2024 10:56:24 PM SAPEmail.EventAPIClient compareAndOutputResults
INFO: Match Found! Email for CREATED_BY EA_BM_B01_BL: jass.george@dewa.gov.ae
Mar 10, 2024 10:56:24 PM SAPEmail.EventAPIClient compareAndOutputResults
INFO: Match Found! Email for CREATED_BY E0024903: rebin.babu@dewa.gov.ae
Mar 10, 2024 10:56:24 PM SAPEmail.EventAPIClient compareAndOutputResults
INFO: Match Found! Email for CREATED_BY E0024903: rebin.babu@dewa.gov.ae
Mar 10, 2024 10:56:24 PM SAPEmail.EventAPIClient compareAndOutputResults
INFO: Match Found! Email for CREATED_BY EA_BM_B01_BL: jass.george@dewa.gov.ae
Mar 10, 2024 10:56:24 PM SAPEmail.EventAPIClient compareAndOutputResults
INFO: Match Found! Email for CREATED_BY EA_BM_B01_BL: jass.george@dewa.gov.ae
Mar 10, 2024 10:56:24 PM SAPEmail.EventAPIClient compareAndOutputResults
INFO: Match Found! Email for CREATED_BY E0024903: rebin.babu@dewa.gov.ae
Mar 10, 2024 10:56:32 PM SAPEmail.EventAPIClient compareAndOutputResults
INFO: resultsArray:
[["2024-03-10T19:23:58.597Z","EA_BM_B01_BL","ZCS_R_D1_NOTIF_UPDATE_EXPIRED","Object does not exist (status management) ; Job canceled after system exception ERROR_MESSAGE"],["2024-03-10T19:23:51.498Z","E0024903","ZMMR_MR_FORM","Cannot find PDL type for output device LOCL ; Job canceled after system exception ERROR_MESSAGE"],["2024-03-10T19:22:51.195Z","E0024903","ZMMR_MR_FORM","Cannot find PDL type for output device LOCL ; Job canceled after system exception ERROR_MESSAGE"],["2024-03-10T19:22:43.151Z","EA_BM_B01_BL","ZCS_R_D1_NOTIF_UPDATE_EXPIRED","Object does not exist (status management) ; Job canceled after system exception ERROR_MESSAGE"],["2024-03-10T16:42:40.020Z","EA_BM_B01_BL","ZCS_R_D1_NOTIF_UPDATE_EXPIRED","Object does not exist (status management) ; Job canceled after system exception ERROR_MESSAGE"],["2024-03-10T16:42:33.431Z","E0024903","ZMMR_MR_FORM","Cannot find PDL type for output device LOCL ; Job canceled after system exception ERROR_MESSAGE"]]
Mar 10, 2024 10:56:32 PM SAPEmail.EventAPIClient compareAndOutputResults
INFO: Match Found! Email for CREATED_BY EA_BM_B01_BL: jass.george@dewa.gov.ae
Mar 10, 2024 10:56:32 PM SAPEmail.EventAPIClient compareAndOutputResults
INFO: Match Found! Email for CREATED_BY E0024903: rebin.babu@dewa.gov.ae
Mar 10, 2024 10:56:32 PM SAPEmail.EventAPIClient compareAndOutputResults
INFO: Match Found! Email for CREATED_BY E0024903: rebin.babu@dewa.gov.ae
Mar 10, 2024 10:56:32 PM SAPEmail.EventAPIClient compareAndOutputResults
INFO: Match Found! Email for CREATED_BY EA_BM_B01_BL: jass.george@dewa.gov.ae
Mar 10, 2024 10:56:32 PM SAPEmail.EventAPIClient compareAndOutputResults
INFO: Match Found! Email for CREATED_BY EA_BM_B01_BL: jass.george@dewa.gov.ae
Mar 10, 2024 10:56:32 PM SAPEmail.EventAPIClient compareAndOutputResults
INFO: Match Found! Email for CREATED_BY E0024903: rebin.babu@dewa.gov.ae
Mar 10, 2024 10:57:20 PM SAPEmail.EventAPIClient compareAndOutputResults
INFO: resultsArray:
[["2024-03-10T19:23:58.597Z","EA_BM_B01_BL","ZCS_R_D1_NOTIF_UPDATE_EXPIRED","Object does not exist (status management) ; Job canceled after system exception ERROR_MESSAGE"],["2024-03-10T19:23:51.498Z","E0024903","ZMMR_MR_FORM","Cannot find PDL type for output device LOCL ; Job canceled after system exception ERROR_MESSAGE"],["2024-03-10T19:22:51.195Z","E0024903","ZMMR_MR_FORM","Cannot find PDL type for output device LOCL ; Job canceled after system exception ERROR_MESSAGE"],["2024-03-10T19:22:43.151Z","EA_BM_B01_BL","ZCS_R_D1_NOTIF_UPDATE_EXPIRED","Object does not exist (status management) ; Job canceled after system exception ERROR_MESSAGE"]]
Mar 10, 2024 10:57:20 PM SAPEmail.EventAPIClient compareAndOutputResults
INFO: Match Found! Email for CREATED_BY EA_BM_B01_BL: jass.george@dewa.gov.ae
Mar 10, 2024 10:57:20 PM SAPEmail.EventAPIClient compareAndOutputResults
INFO: Match Found! Email for CREATED_BY E0024903: rebin.babu@dewa.gov.ae
Mar 10, 2024 10:57:20 PM SAPEmail.EventAPIClient compareAndOutputResults
INFO: Match Found! Email for CREATED_BY E0024903: rebin.babu@dewa.gov.ae
Mar 10, 2024 10:57:20 PM SAPEmail.EventAPIClient compareAndOutputResults
INFO: Match Found! Email for CREATED_BY EA_BM_B01_BL: jass.george@dewa.gov.ae
Mar 10, 2024 11:44:43 PM SAPEmail.EventAPIClient compareAndOutputResults
INFO: resultsArray:
[["2024-03-10T19:23:58.597Z","EA_BM_B01_BL","ZCS_R_D1_NOTIF_UPDATE_EXPIRED","Object does not exist (status management) ; Job canceled after system exception ERROR_MESSAGE"],["2024-03-10T19:23:51.498Z","E0024903","ZMMR_MR_FORM","Cannot find PDL type for output device LOCL ; Job canceled after system exception ERROR_MESSAGE"],["2024-03-10T19:22:51.195Z","E0024903","ZMMR_MR_FORM","Cannot find PDL type for output device LOCL ; Job canceled after system exception ERROR_MESSAGE"],["2024-03-10T19:22:43.151Z","EA_BM_B01_BL","ZCS_R_D1_NOTIF_UPDATE_EXPIRED","Object does not exist (status management) ; Job canceled after system exception ERROR_MESSAGE"]]
Mar 10, 2024 11:50:35 PM SAPEmail.EventAPIClient compareAndOutputResults
INFO: resultsArray:
[["2024-03-10T19:23:58.597Z","EA_BM_B01_BL","ZCS_R_D1_NOTIF_UPDATE_EXPIRED","Object does not exist (status management) ; Job canceled after system exception ERROR_MESSAGE"],["2024-03-10T19:23:51.498Z","E0024903","ZMMR_MR_FORM","Cannot find PDL type for output device LOCL ; Job canceled after system exception ERROR_MESSAGE"],["2024-03-10T19:22:51.195Z","E0024903","ZMMR_MR_FORM","Cannot find PDL type for output device LOCL ; Job canceled after system exception ERROR_MESSAGE"],["2024-03-10T19:22:43.151Z","EA_BM_B01_BL","ZCS_R_D1_NOTIF_UPDATE_EXPIRED","Object does not exist (status management) ; Job canceled after system exception ERROR_MESSAGE"]]
Mar 11, 2024 12:21:22 AM SAPEmail.EventAPIClient compareAndOutputResults
INFO: resultsArray:
[["2024-03-10T19:23:58.597Z","EA_BM_B01_BL","ZCS_R_D1_NOTIF_UPDATE_EXPIRED","Object does not exist (status management) ; Job canceled after system exception ERROR_MESSAGE"],["2024-03-10T19:23:51.498Z","E0024903","ZMMR_MR_FORM","Cannot find PDL type for output device LOCL ; Job canceled after system exception ERROR_MESSAGE"],["2024-03-10T19:22:51.195Z","E0024903","ZMMR_MR_FORM","Cannot find PDL type for output device LOCL ; Job canceled after system exception ERROR_MESSAGE"],["2024-03-10T19:22:43.151Z","EA_BM_B01_BL","ZCS_R_D1_NOTIF_UPDATE_EXPIRED","Object does not exist (status management) ; Job canceled after system exception ERROR_MESSAGE"]]
Mar 11, 2024 12:24:44 AM SAPEmail.EventAPIClient compareAndOutputResults
INFO: resultsArray:
[]
Mar 11, 2024 12:25:10 AM SAPEmail.EventAPIClient compareAndOutputResults
INFO: resultsArray:
[["2024-03-10T19:23:58.597Z","EA_BM_B01_BL","ZCS_R_D1_NOTIF_UPDATE_EXPIRED","Object does not exist (status management) ; Job canceled after system exception ERROR_MESSAGE"],["2024-03-10T19:23:51.498Z","E0024903","ZMMR_MR_FORM","Cannot find PDL type for output device LOCL ; Job canceled after system exception ERROR_MESSAGE"],["2024-03-10T19:22:51.195Z","E0024903","ZMMR_MR_FORM","Cannot find PDL type for output device LOCL ; Job canceled after system exception ERROR_MESSAGE"],["2024-03-10T19:22:43.151Z","EA_BM_B01_BL","ZCS_R_D1_NOTIF_UPDATE_EXPIRED","Object does not exist (status management) ; Job canceled after system exception ERROR_MESSAGE"]]
Mar 11, 2024 12:25:17 AM SAPEmail.EventAPIClient compareAndOutputResults
INFO: Match Found! Email for CREATED_BY EA_BM_B01_BL: jass.george@dewa.gov.ae
Mar 11, 2024 12:25:19 AM SAPEmail.EventAPIClient compareAndOutputResults
INFO: Match Found! Email for CREATED_BY E0024903: rebin.babu@dewa.gov.ae
Mar 11, 2024 12:25:21 AM SAPEmail.EventAPIClient compareAndOutputResults
INFO: Match Found! Email for CREATED_BY E0024903: rebin.babu@dewa.gov.ae
Mar 11, 2024 12:25:22 AM SAPEmail.EventAPIClient compareAndOutputResults
INFO: Match Found! Email for CREATED_BY EA_BM_B01_BL: jass.george@dewa.gov.ae
Mar 11, 2024 12:38:06 AM SAPEmail.EventAPIClient compareAndOutputResults
INFO: resultsArray:
[["2024-03-10T19:23:58.597Z","EA_BM_B01_BL","ZCS_R_D1_NOTIF_UPDATE_EXPIRED","Object does not exist (status management) ; Job canceled after system exception ERROR_MESSAGE"],["2024-03-10T19:23:51.498Z","E0024903","ZMMR_MR_FORM","Cannot find PDL type for output device LOCL ; Job canceled after system exception ERROR_MESSAGE"],["2024-03-10T19:22:51.195Z","E0024903","ZMMR_MR_FORM","Cannot find PDL type for output device LOCL ; Job canceled after system exception ERROR_MESSAGE"],["2024-03-10T19:22:43.151Z","EA_BM_B01_BL","ZCS_R_D1_NOTIF_UPDATE_EXPIRED","Object does not exist (status management) ; Job canceled after system exception ERROR_MESSAGE"]]
Mar 11, 2024 12:38:10 AM SAPEmail.EventAPIClient compareAndOutputResults
INFO: Match Found! Email for CREATED_BY EA_BM_B01_BL: jass.george@dewa.gov.ae
Mar 11, 2024 12:38:14 AM SAPEmail.EventAPIClient compareAndOutputResults
INFO: Match Found! Email for CREATED_BY E0024903: rebin.babu@dewa.gov.ae
Mar 11, 2024 12:38:21 AM SAPEmail.EventAPIClient compareAndOutputResults
INFO: Match Found! Email for CREATED_BY E0024903: rebin.babu@dewa.gov.ae
Mar 11, 2024 12:38:24 AM SAPEmail.EventAPIClient compareAndOutputResults
INFO: Match Found! Email for CREATED_BY EA_BM_B01_BL: jass.george@dewa.gov.ae
Mar 11, 2024 12:56:06 AM SAPEmail.EventAPIClient compareAndOutputResults
INFO: resultsArray:
[["2024-03-10T19:23:58.597Z","EA_BM_B01_BL","ZCS_R_D1_NOTIF_UPDATE_EXPIRED","Object does not exist (status management) ; Job canceled after system exception ERROR_MESSAGE"],["2024-03-10T19:23:51.498Z","E0024903","ZMMR_MR_FORM","Cannot find PDL type for output device LOCL ; Job canceled after system exception ERROR_MESSAGE"],["2024-03-10T19:22:51.195Z","E0024903","ZMMR_MR_FORM","Cannot find PDL type for output device LOCL ; Job canceled after system exception ERROR_MESSAGE"],["2024-03-10T19:22:43.151Z","EA_BM_B01_BL","ZCS_R_D1_NOTIF_UPDATE_EXPIRED","Object does not exist (status management) ; Job canceled after system exception ERROR_MESSAGE"]]
Mar 11, 2024 12:56:12 AM SAPEmail.EventAPIClient compareAndOutputResults
INFO: Match Found! Email for CREATED_BY EA_BM_B01_BL: jass.george@dewa.gov.ae
Mar 11, 2024 12:56:15 AM SAPEmail.EventAPIClient compareAndOutputResults
INFO: Match Found! Email for CREATED_BY E0024903: rebin.babu@dewa.gov.ae
Mar 11, 2024 12:56:18 AM SAPEmail.EventAPIClient compareAndOutputResults
INFO: Match Found! Email for CREATED_BY E0024903: rebin.babu@dewa.gov.ae
Mar 11, 2024 12:56:21 AM SAPEmail.EventAPIClient compareAndOutputResults
INFO: Match Found! Email for CREATED_BY EA_BM_B01_BL: jass.george@dewa.gov.ae
Mar 11, 2024 1:00:59 AM SAPEmail.EventAPIClient compareAndOutputResults
INFO: resultsArray:
[["2024-03-10T19:23:58.597Z","EA_BM_B01_BL","ZCS_R_D1_NOTIF_UPDATE_EXPIRED","Object does not exist (status management) ; Job canceled after system exception ERROR_MESSAGE"],["2024-03-10T19:23:51.498Z","E0024903","ZMMR_MR_FORM","Cannot find PDL type for output device LOCL ; Job canceled after system exception ERROR_MESSAGE"],["2024-03-10T19:22:51.195Z","E0024903","ZMMR_MR_FORM","Cannot find PDL type for output device LOCL ; Job canceled after system exception ERROR_MESSAGE"],["2024-03-10T19:22:43.151Z","EA_BM_B01_BL","ZCS_R_D1_NOTIF_UPDATE_EXPIRED","Object does not exist (status management) ; Job canceled after system exception ERROR_MESSAGE"]]
Mar 11, 2024 1:01:10 AM SAPEmail.EventAPIClient sendEmail
INFO: Email sent successfully!
Mar 11, 2024 1:01:10 AM SAPEmail.EventAPIClient compareAndOutputResults
INFO: Match Found! Email for CREATED_BY EA_BM_B01_BL: jass.george@dewa.gov.ae
Mar 11, 2024 1:01:14 AM SAPEmail.EventAPIClient sendEmail
INFO: Email sent successfully!
Mar 11, 2024 1:01:14 AM SAPEmail.EventAPIClient compareAndOutputResults
INFO: Match Found! Email for CREATED_BY E0024903: rebin.babu@dewa.gov.ae
Mar 11, 2024 1:01:17 AM SAPEmail.EventAPIClient sendEmail
INFO: Email sent successfully!
Mar 11, 2024 1:01:17 AM SAPEmail.EventAPIClient compareAndOutputResults
INFO: Match Found! Email for CREATED_BY E0024903: rebin.babu@dewa.gov.ae
Mar 11, 2024 1:01:20 AM SAPEmail.EventAPIClient sendEmail
INFO: Email sent successfully!
Mar 11, 2024 1:01:20 AM SAPEmail.EventAPIClient compareAndOutputResults
INFO: Match Found! Email for CREATED_BY EA_BM_B01_BL: jass.george@dewa.gov.ae
Mar 11, 2024 1:16:21 AM SAPEmail.EventAPIClient compareAndOutputResults
INFO: resultsArray:
[["2024-03-10T19:23:58.597Z","EA_BM_B01_BL","ZCS_R_D1_NOTIF_UPDATE_EXPIRED","Object does not exist (status management) ; Job canceled after system exception ERROR_MESSAGE"],["2024-03-10T19:23:51.498Z","E0024903","ZMMR_MR_FORM","Cannot find PDL type for output device LOCL ; Job canceled after system exception ERROR_MESSAGE"],["2024-03-10T19:22:51.195Z","E0024903","ZMMR_MR_FORM","Cannot find PDL type for output device LOCL ; Job canceled after system exception ERROR_MESSAGE"],["2024-03-10T19:22:43.151Z","EA_BM_B01_BL","ZCS_R_D1_NOTIF_UPDATE_EXPIRED","Object does not exist (status management) ; Job canceled after system exception ERROR_MESSAGE"]]
Mar 11, 2024 1:16:27 AM SAPEmail.EventAPIClient sendEmail
INFO: Email sent successfully!
Mar 11, 2024 1:16:27 AM SAPEmail.EventAPIClient compareAndOutputResults
INFO: Match Found! Email for CREATED_BY EA_BM_B01_BL: jass.george@dewa.gov.ae
Mar 11, 2024 1:16:30 AM SAPEmail.EventAPIClient sendEmail
INFO: Email sent successfully!
Mar 11, 2024 1:16:30 AM SAPEmail.EventAPIClient compareAndOutputResults
INFO: Match Found! Email for CREATED_BY E0024903: rebin.babu@dewa.gov.ae
Mar 11, 2024 1:16:33 AM SAPEmail.EventAPIClient sendEmail
INFO: Email sent successfully!
Mar 11, 2024 1:16:33 AM SAPEmail.EventAPIClient compareAndOutputResults
INFO: Match Found! Email for CREATED_BY E0024903: rebin.babu@dewa.gov.ae
Mar 11, 2024 1:16:36 AM SAPEmail.EventAPIClient sendEmail
INFO: Email sent successfully!
Mar 11, 2024 1:16:36 AM SAPEmail.EventAPIClient compareAndOutputResults
INFO: Match Found! Email for CREATED_BY EA_BM_B01_BL: jass.george@dewa.gov.ae
Mar 11, 2024 11:09:30 AM SAPEmail.EventAPIClient compareAndOutputResults
INFO: resultsArray:
[]
Mar 11, 2024 11:10:52 AM SAPEmail.EventAPIClient compareAndOutputResults
INFO: resultsArray:
[["2024-03-11T07:10:02.044Z","EA_BM_B01_BL","ZCS_R_D1_NOTIF_UPDATE_EXPIRED","Object does not exist (status management) ; Job canceled after system exception ERROR_MESSAGE"],["2024-03-11T07:09:58.287Z","E0024903","ZMMR_MR_FORM","Cannot find PDL type for output device LOCL ; Job canceled after system exception ERROR_MESSAGE"]]
Mar 11, 2024 11:10:54 AM SAPEmail.EventAPIClient sendEmail
INFO: Email sent successfully!
Mar 11, 2024 11:10:54 AM SAPEmail.EventAPIClient compareAndOutputResults
INFO: Match Found! Email for CREATED_BY EA_BM_B01_BL: jass.george@dewa.gov.ae
Mar 11, 2024 11:10:57 AM SAPEmail.EventAPIClient sendEmail
INFO: Email sent successfully!
Mar 11, 2024 11:10:57 AM SAPEmail.EventAPIClient compareAndOutputResults
INFO: Match Found! Email for CREATED_BY E0024903: rebin.babu@dewa.gov.ae
Mar 11, 2024 11:25:15 AM SAPEmail.EventAPIClient compareAndOutputResults
INFO: resultsArray:
[["2024-03-11T07:10:02.044Z","EA_BM_B01_BL","ZCS_R_D1_NOTIF_UPDATE_EXPIRED","Object does not exist (status management) ; Job canceled after system exception ERROR_MESSAGE"],["2024-03-11T07:09:58.287Z","E0024903","ZMMR_MR_FORM","Cannot find PDL type for output device LOCL ; Job canceled after system exception ERROR_MESSAGE"]]
Mar 11, 2024 11:25:18 AM SAPEmail.EventAPIClient sendEmail
INFO: Email sent successfully!
Mar 11, 2024 11:25:18 AM SAPEmail.EventAPIClient compareAndOutputResults
INFO: Match Found! Email for CREATED_BY EA_BM_B01_BL: jass.george@dewa.gov.ae
Mar 11, 2024 11:25:20 AM SAPEmail.EventAPIClient sendEmail
INFO: Email sent successfully!
Mar 11, 2024 11:25:20 AM SAPEmail.EventAPIClient compareAndOutputResults
INFO: Match Found! Email for CREATED_BY E0024903: rebin.babu@dewa.gov.ae
Mar 11, 2024 11:47:00 AM SAPEmail.EventAPIClient compareAndOutputResults
INFO: resultsArray:
[["2024-03-11T07:10:02.044Z","EA_BM_B01_BL","ZCS_R_D1_NOTIF_UPDATE_EXPIRED","Object does not exist (status management) ; Job canceled after system exception ERROR_MESSAGE"],["2024-03-11T07:09:58.287Z","E0024903","ZMMR_MR_FORM","Cannot find PDL type for output device LOCL ; Job canceled after system exception ERROR_MESSAGE"]]
Mar 11, 2024 11:47:01 AM SAPEmail.EventAPIClient sendEmail
SEVERE: Error sending email: 
javax.mail.AuthenticationFailedException: failed to connect, no password specified?
	at javax.mail.Service.connect(Service.java:400)
	at javax.mail.Service.connect(Service.java:246)
	at javax.mail.Service.connect(Service.java:195)
	at javax.mail.Transport.send0(Transport.java:254)
	at javax.mail.Transport.send(Transport.java:124)
	at SAPEmail.EventAPIClient.sendEmail(EventAPIClient.java:212)
	at SAPEmail.EventAPIClient.compareAndOutputResults(EventAPIClient.java:162)
	at SAPEmail.EventAPIClient.main(EventAPIClient.java:78)

Mar 11, 2024 11:47:01 AM SAPEmail.EventAPIClient compareAndOutputResults
INFO: Match Found! Email for CREATED_BY EA_BM_B01_BL: jass.george@dewa.gov.ae
Mar 11, 2024 11:47:01 AM SAPEmail.EventAPIClient sendEmail
SEVERE: Error sending email: 
javax.mail.AuthenticationFailedException: failed to connect, no password specified?
	at javax.mail.Service.connect(Service.java:400)
	at javax.mail.Service.connect(Service.java:246)
	at javax.mail.Service.connect(Service.java:195)
	at javax.mail.Transport.send0(Transport.java:254)
	at javax.mail.Transport.send(Transport.java:124)
	at SAPEmail.EventAPIClient.sendEmail(EventAPIClient.java:212)
	at SAPEmail.EventAPIClient.compareAndOutputResults(EventAPIClient.java:162)
	at SAPEmail.EventAPIClient.main(EventAPIClient.java:78)

Mar 11, 2024 11:47:01 AM SAPEmail.EventAPIClient compareAndOutputResults
INFO: Match Found! Email for CREATED_BY E0024903: rebin.babu@dewa.gov.ae
Mar 11, 2024 12:16:39 PM SAPEmail.EventAPIClient compareAndOutputResults
INFO: resultsArray:
[["2024-03-11T07:10:02.044Z","EA_BM_B01_BL","ZCS_R_D1_NOTIF_UPDATE_EXPIRED","Object does not exist (status management) ; Job canceled after system exception ERROR_MESSAGE"],["2024-03-11T07:09:58.287Z","E0024903","ZMMR_MR_FORM","Cannot find PDL type for output device LOCL ; Job canceled after system exception ERROR_MESSAGE"]]
Mar 11, 2024 12:16:39 PM SAPEmail.EventAPIClient sendEmail
SEVERE: Error sending email: 
javax.mail.AuthenticationFailedException: failed to connect, no password specified?
	at javax.mail.Service.connect(Service.java:400)
	at javax.mail.Service.connect(Service.java:246)
	at javax.mail.Service.connect(Service.java:195)
	at javax.mail.Transport.send0(Transport.java:254)
	at javax.mail.Transport.send(Transport.java:124)
	at SAPEmail.EventAPIClient.sendEmail(EventAPIClient.java:212)
	at SAPEmail.EventAPIClient.compareAndOutputResults(EventAPIClient.java:162)
	at SAPEmail.EventAPIClient.main(EventAPIClient.java:78)

Mar 11, 2024 12:16:39 PM SAPEmail.EventAPIClient compareAndOutputResults
INFO: Match Found! Email for CREATED_BY EA_BM_B01_BL: jass.george@dewa.gov.ae
Mar 11, 2024 12:16:39 PM SAPEmail.EventAPIClient sendEmail
SEVERE: Error sending email: 
javax.mail.AuthenticationFailedException: failed to connect, no password specified?
	at javax.mail.Service.connect(Service.java:400)
	at javax.mail.Service.connect(Service.java:246)
	at javax.mail.Service.connect(Service.java:195)
	at javax.mail.Transport.send0(Transport.java:254)
	at javax.mail.Transport.send(Transport.java:124)
	at SAPEmail.EventAPIClient.sendEmail(EventAPIClient.java:212)
	at SAPEmail.EventAPIClient.compareAndOutputResults(EventAPIClient.java:162)
	at SAPEmail.EventAPIClient.main(EventAPIClient.java:78)

Mar 11, 2024 12:16:39 PM SAPEmail.EventAPIClient compareAndOutputResults
INFO: Match Found! Email for CREATED_BY E0024903: rebin.babu@dewa.gov.ae
Mar 11, 2024 12:22:45 PM SAPEmail.EventAPIClient compareAndOutputResults
INFO: resultsArray:
[["2024-03-11T07:10:02.044Z","EA_BM_B01_BL","ZCS_R_D1_NOTIF_UPDATE_EXPIRED","Object does not exist (status management) ; Job canceled after system exception ERROR_MESSAGE"],["2024-03-11T07:09:58.287Z","E0024903","ZMMR_MR_FORM","Cannot find PDL type for output device LOCL ; Job canceled after system exception ERROR_MESSAGE"]]
Mar 11, 2024 12:22:45 PM SAPEmail.EventAPIClient sendEmail
SEVERE: Error sending email: 
javax.mail.AuthenticationFailedException: failed to connect, no password specified?
	at javax.mail.Service.connect(Service.java:400)
	at javax.mail.Service.connect(Service.java:246)
	at javax.mail.Service.connect(Service.java:195)
	at javax.mail.Transport.send0(Transport.java:254)
	at javax.mail.Transport.send(Transport.java:124)
	at SAPEmail.EventAPIClient.sendEmail(EventAPIClient.java:212)
	at SAPEmail.EventAPIClient.compareAndOutputResults(EventAPIClient.java:162)
	at SAPEmail.EventAPIClient.main(EventAPIClient.java:78)
	at java.base/jdk.internal.reflect.NativeMethodAccessorImpl.invoke0(Native Method)
	at java.base/jdk.internal.reflect.NativeMethodAccessorImpl.invoke(NativeMethodAccessorImpl.java:77)
	at java.base/jdk.internal.reflect.DelegatingMethodAccessorImpl.invoke(DelegatingMethodAccessorImpl.java:43)
	at java.base/java.lang.reflect.Method.invoke(Method.java:568)
	at org.eclipse.jdt.internal.jarinjarloader.JarRsrcLoader.main(JarRsrcLoader.java:62)

Mar 11, 2024 12:22:45 PM SAPEmail.EventAPIClient compareAndOutputResults
INFO: Match Found! Email for CREATED_BY EA_BM_B01_BL: jass.george@dewa.gov.ae
Mar 11, 2024 12:22:45 PM SAPEmail.EventAPIClient sendEmail
SEVERE: Error sending email: 
javax.mail.AuthenticationFailedException: failed to connect, no password specified?
	at javax.mail.Service.connect(Service.java:400)
	at javax.mail.Service.connect(Service.java:246)
	at javax.mail.Service.connect(Service.java:195)
	at javax.mail.Transport.send0(Transport.java:254)
	at javax.mail.Transport.send(Transport.java:124)
	at SAPEmail.EventAPIClient.sendEmail(EventAPIClient.java:212)
	at SAPEmail.EventAPIClient.compareAndOutputResults(EventAPIClient.java:162)
	at SAPEmail.EventAPIClient.main(EventAPIClient.java:78)
	at java.base/jdk.internal.reflect.NativeMethodAccessorImpl.invoke0(Native Method)
	at java.base/jdk.internal.reflect.NativeMethodAccessorImpl.invoke(NativeMethodAccessorImpl.java:77)
	at java.base/jdk.internal.reflect.DelegatingMethodAccessorImpl.invoke(DelegatingMethodAccessorImpl.java:43)
	at java.base/java.lang.reflect.Method.invoke(Method.java:568)
	at org.eclipse.jdt.internal.jarinjarloader.JarRsrcLoader.main(JarRsrcLoader.java:62)

Mar 11, 2024 12:22:45 PM SAPEmail.EventAPIClient compareAndOutputResults
INFO: Match Found! Email for CREATED_BY E0024903: rebin.babu@dewa.gov.ae
Mar 11, 2024 11:53:59 PM SAPEmail.EventAPIClient compareAndOutputResults
INFO: resultsArray:
[["2024-03-11T19:53:52.856Z","E0024903","ZMMR_MR_FORM","Cannot find PDL type for output device LOCL ; Job canceled after system exception ERROR_MESSAGE"]]
Mar 11, 2024 11:54:05 PM SAPEmail.EventAPIClient sendEmail
INFO: Email sent successfully!
Mar 11, 2024 11:54:05 PM SAPEmail.EventAPIClient compareAndOutputResults
INFO: Match Found! Email for CREATED_BY E0024903: rebin.babu@dewa.gov.ae
Apr 28, 2024 11:46:32 PM SAPEmail.EventAPIClient compareAndOutputResults
INFO: resultsArray:
[]
Apr 28, 2024 11:48:21 PM SAPEmail.EventAPIClient compareAndOutputResults
INFO: resultsArray:
[["2024-04-28T19:48:11.610Z","EA_BM_B01_BL","ZCS_R_D1_NOTIF_UPDATE_EXPIRED","Object does not exist (status management) ; Job canceled after system exception ERROR_MESSAGE"],["2024-04-28T19:47:50.178Z","E0024903","ZMMR_MR_FORM","Cannot find PDL type for output device LOCL ; Job canceled after system exception ERROR_MESSAGE"],["2024-04-28T19:47:36.269Z","E0024903","ZMMR_MR_FORM","Cannot find PDL type for output device LOCL ; Job canceled after system exception ERROR_MESSAGE"]]
Apr 28, 2024 11:48:26 PM SAPEmail.EventAPIClient sendEmail
INFO: Email sent successfully!
Apr 28, 2024 11:48:26 PM SAPEmail.EventAPIClient compareAndOutputResults
INFO: Match Found! Email for CREATED_BY EA_BM_B01_BL: jass.george@dewa.gov.ae
Apr 28, 2024 11:48:29 PM SAPEmail.EventAPIClient sendEmail
INFO: Email sent successfully!
Apr 28, 2024 11:48:29 PM SAPEmail.EventAPIClient compareAndOutputResults
INFO: Match Found! Email for CREATED_BY E0024903: rebin.babu@dewa.gov.ae
Apr 28, 2024 11:48:32 PM SAPEmail.EventAPIClient sendEmail
INFO: Email sent successfully!
Apr 28, 2024 11:48:32 PM SAPEmail.EventAPIClient compareAndOutputResults
INFO: Match Found! Email for CREATED_BY E0024903: rebin.babu@dewa.gov.ae
May 02, 2024 11:24:02 PM SAPEmail.EventAPIClient compareAndOutputResults
INFO: resultsArray:
[["2024-05-02T19:20:11.877Z","EA_BM_B01_BL","ZCS_R_D1_NOTIF_UPDATE_EXPIRED","Object does not exist (status management) ; Job canceled after system exception ERROR_MESSAGE"]]
May 02, 2024 11:24:11 PM SAPEmail.EventAPIClient sendEmail
INFO: Email sent successfully!
May 02, 2024 11:24:11 PM SAPEmail.EventAPIClient compareAndOutputResults
INFO: Match Found! Email for CREATED_BY EA_BM_B01_BL: jass.george@dewa.gov.ae
May 02, 2024 11:28:14 PM SAPEmail.EventAPIClient compareAndOutputResults
INFO: resultsArray:
[["2024-05-02T19:20:11.877Z","EA_BM_B01_BL","ZCS_R_D1_NOTIF_UPDATE_EXPIRED","Object does not exist (status management) ; Job canceled after system exception ERROR_MESSAGE"]]
May 02, 2024 11:28:26 PM SAPEmail.EventAPIClient sendEmail
INFO: Email sent successfully!
May 02, 2024 11:28:26 PM SAPEmail.EventAPIClient compareAndOutputResults
INFO: Match Found! Email for CREATED_BY EA_BM_B01_BL: jass.george@dewa.gov.ae
May 02, 2024 11:28:27 PM SAPEmail.EventAPIClient compareAndOutputResults
INFO: resultsArray:
[["2024-05-02T19:20:11.877Z","EA_BM_B01_BL","ZCS_R_D1_NOTIF_UPDATE_EXPIRED","Object does not exist (status management) ; Job canceled after system exception ERROR_MESSAGE"]]
May 02, 2024 11:28:30 PM SAPEmail.EventAPIClient sendEmail
INFO: Email sent successfully!
May 02, 2024 11:28:30 PM SAPEmail.EventAPIClient compareAndOutputResults
INFO: Match Found! Email for CREATED_BY EA_BM_B01_BL: jass.george@dewa.gov.ae
May 03, 2024 12:00:33 AM SAPEmail.EventAPIClient compareAndOutputResults
INFO: resultsArray:
[["2024-05-02T19:20:11.877Z","EA_BM_B01_BL","ZCS_R_D1_NOTIF_UPDATE_EXPIRED","Object does not exist (status management) ; Job canceled after system exception ERROR_MESSAGE"]]
May 03, 2024 12:00:39 AM SAPEmail.EventAPIClient sendEmail
INFO: Email sent successfully!
May 03, 2024 12:09:52 AM SAPEmail.EventAPIClient compareAndOutputResults
INFO: resultsArray:
[["2024-05-02T19:20:11.877Z","EA_BM_B01_BL","ZCS_R_D1_NOTIF_UPDATE_EXPIRED","Object does not exist (status management) ; Job canceled after system exception ERROR_MESSAGE"]]
May 03, 2024 12:10:04 AM SAPEmail.EventAPIClient sendEmail
INFO: Email sent successfully!
May 03, 2024 12:16:32 AM SAPEmail.EventAPIClient compareAndOutputResults
INFO: resultsArray:
[["2024-05-02T19:20:11.877Z","EA_BM_B01_BL","ZCS_R_D1_NOTIF_UPDATE_EXPIRED","Object does not exist (status management) ; Job canceled after system exception ERROR_MESSAGE"]]
May 03, 2024 12:16:32 AM SAPEmail.EventAPIClient compareAndOutputResults
INFO: Added recipient email jass.george@dewa.gov.ae for createdByValue EA_BM_B01_BL
May 03, 2024 12:16:32 AM SAPEmail.EventAPIClient compareAndOutputResults
INFO: Created by value: EA_BM_B01_BL, Recipient emails: [jass.george@dewa.gov.ae]
May 03, 2024 12:16:38 AM SAPEmail.EventAPIClient sendEmail
INFO: Email sent successfully!
May 03, 2024 12:17:48 AM SAPEmail.EventAPIClient compareAndOutputResults
INFO: resultsArray:
[["2024-05-02T19:20:11.877Z","EA_BM_B01_BL","ZCS_R_D1_NOTIF_UPDATE_EXPIRED","Object does not exist (status management) ; Job canceled after system exception ERROR_MESSAGE"]]
May 03, 2024 12:17:48 AM SAPEmail.EventAPIClient compareAndOutputResults
INFO: Added recipient email rebin.babu@dewa.gov.ae for createdByValue EA_BM_B01_BL
May 03, 2024 12:17:48 AM SAPEmail.EventAPIClient compareAndOutputResults
INFO: Created by value: EA_BM_B01_BL, Recipient emails: [rebin.babu@dewa.gov.ae]
May 03, 2024 12:17:51 AM SAPEmail.EventAPIClient sendEmail
INFO: Email sent successfully!
May 03, 2024 12:34:23 AM SAPEmail.EventAPIClient compareAndOutputResults
INFO: resultsArray:
[["2024-05-02T19:20:11.877Z","EA_BM_B01_BL","ZCS_R_D1_NOTIF_UPDATE_EXPIRED","Object does not exist (status management) ; Job canceled after system exception ERROR_MESSAGE"]]
May 03, 2024 12:34:23 AM SAPEmail.EventAPIClient compareAndOutputResults
INFO: Added recipient emails [rebin.babu@dewa.gov.ae] for createdByValue EA_BM_B01_BL
May 03, 2024 12:34:23 AM SAPEmail.EventAPIClient compareAndOutputResults
INFO: Created by value: EA_BM_B01_BL, Recipient emails: [rebin.babu@dewa.gov.ae]
May 03, 2024 12:34:32 AM SAPEmail.EventAPIClient sendEmail
INFO: Email sent successfully!
May 03, 2024 12:37:12 AM SAPEmail.EventAPIClient compareAndOutputResults
INFO: resultsArray:
[["2024-05-02T19:20:11.877Z","EA_BM_B01_BL","ZCS_R_D1_NOTIF_UPDATE_EXPIRED","Object does not exist (status management) ; Job canceled after system exception ERROR_MESSAGE"]]
May 03, 2024 12:37:12 AM SAPEmail.EventAPIClient compareAndOutputResults
INFO: Added recipient emails [rebin.babu@dewa.gov.ae] for createdByValue EA_BM_B01_BL
May 03, 2024 12:37:12 AM SAPEmail.EventAPIClient compareAndOutputResults
INFO: Created by value: EA_BM_B01_BL, Recipient emails: [rebin.babu@dewa.gov.ae]
May 03, 2024 12:37:16 AM SAPEmail.EventAPIClient sendEmail
INFO: Email sent successfully!
May 03, 2024 12:42:41 AM SAPEmail.EventAPIClient compareAndOutputResults
INFO: resultsArray:
[["2024-05-02T19:20:11.877Z","EA_BM_B01_BL","ZCS_R_D1_NOTIF_UPDATE_EXPIRED","Object does not exist (status management) ; Job canceled after system exception ERROR_MESSAGE"]]
May 03, 2024 12:42:41 AM SAPEmail.EventAPIClient compareAndOutputResults
INFO: Added recipient email rebin.babu@dewa.gov.ae for createdByValue EA_BM_B01_BL
May 03, 2024 12:42:41 AM SAPEmail.EventAPIClient compareAndOutputResults
INFO: Created by value: EA_BM_B01_BL, Recipient emails: [rebin.babu@dewa.gov.ae]
May 03, 2024 12:42:50 AM SAPEmail.EventAPIClient sendEmail
INFO: Email sent successfully!
May 03, 2024 12:42:55 AM SAPEmail.EventAPIClient compareAndOutputResults
INFO: resultsArray:
[["2024-05-02T19:20:11.877Z","EA_BM_B01_BL","ZCS_R_D1_NOTIF_UPDATE_EXPIRED","Object does not exist (status management) ; Job canceled after system exception ERROR_MESSAGE"]]
May 03, 2024 12:42:55 AM SAPEmail.EventAPIClient compareAndOutputResults
INFO: Added recipient email jass.george@dewa.gov.ae for createdByValue EA_BM_B01_BL
May 03, 2024 12:42:55 AM SAPEmail.EventAPIClient compareAndOutputResults
INFO: Created by value: EA_BM_B01_BL, Recipient emails: [jass.george@dewa.gov.ae]
May 03, 2024 12:42:58 AM SAPEmail.EventAPIClient sendEmail
INFO: Email sent successfully!
May 03, 2024 12:51:09 AM SAPEmail.EventAPIClient compareAndOutputResults
INFO: resultsArray:
[["2024-05-02T19:20:11.877Z","EA_BM_B01_BL","ZCS_R_D1_NOTIF_UPDATE_EXPIRED","Object does not exist (status management) ; Job canceled after system exception ERROR_MESSAGE"]]
May 03, 2024 12:51:09 AM SAPEmail.EventAPIClient compareAndOutputResults
INFO: Added recipient email rebin.babu@dewa.gov.ae for createdByValue EA_BM_B01_BL
May 03, 2024 12:51:09 AM SAPEmail.EventAPIClient compareAndOutputResults
INFO: Added recipient email jass.george@dewa.gov.ae for createdByValue EA_BM_B01_BL
May 03, 2024 12:51:14 AM SAPEmail.EventAPIClient sendEmail
INFO: Email sent successfully!
May 03, 2024 12:53:08 AM SAPEmail.EventAPIClient compareAndOutputResults
INFO: resultsArray:
[["2024-05-02T19:20:11.877Z","EA_BM_B01_BL","ZCS_R_D1_NOTIF_UPDATE_EXPIRED","Object does not exist (status management) ; Job canceled after system exception ERROR_MESSAGE"]]
May 03, 2024 12:53:08 AM SAPEmail.EventAPIClient compareAndOutputResults
INFO: Added recipient email rebin.babu@dewa.gov.ae for createdByValue EA_BM_B01_BL
May 03, 2024 12:53:08 AM SAPEmail.EventAPIClient compareAndOutputResults
INFO: Added recipient email rebin.babu@dewa.gov.ae for createdByValue EA_BM_B01_BL
May 03, 2024 12:53:13 AM SAPEmail.EventAPIClient sendEmail
INFO: Email sent successfully!
May 03, 2024 12:59:12 AM SAPEmail.EventAPIClient compareAndOutputResults
INFO: resultsArray:
[["2024-05-02T19:20:11.877Z","EA_BM_B01_BL","ZCS_R_D1_NOTIF_UPDATE_EXPIRED","Object does not exist (status management) ; Job canceled after system exception ERROR_MESSAGE"]]
May 03, 2024 12:59:12 AM SAPEmail.EventAPIClient compareAndOutputResults
INFO: Added recipient email rebin.babu@dewa.gov.ae for createdByValue EA_BM_B01_BL
May 03, 2024 12:59:12 AM SAPEmail.EventAPIClient compareAndOutputResults
INFO: Added recipient email rebin.babu@dewa.gov.ae for createdByValue EA_BM_B01_BL
May 03, 2024 12:59:12 AM SAPEmail.EventAPIClient compareAndOutputResults
INFO: Created by value: EA_BM_B01_BL, Recipient emails: [rebin.babu@dewa.gov.ae, rebin.babu@dewa.gov.ae]
May 03, 2024 12:59:21 AM SAPEmail.EventAPIClient sendEmail
INFO: Email sent successfully!
May 03, 2024 1:11:29 AM SAPEmail.EventAPIClient compareAndOutputResults
INFO: resultsArray:
[["2024-05-02T19:20:11.877Z","EA_BM_B01_BL","ZCS_R_D1_NOTIF_UPDATE_EXPIRED","Object does not exist (status management) ; Job canceled after system exception ERROR_MESSAGE"]]
May 03, 2024 1:11:29 AM SAPEmail.EventAPIClient compareAndOutputResults
INFO: Added recipient email rebin.babu@dewa.gov.ae for createdByValue EA_BM_B01_BL
May 03, 2024 1:11:29 AM SAPEmail.EventAPIClient compareAndOutputResults
INFO: Added recipient email rebin.babu@dewa.gov.ae for createdByValue EA_BM_B01_BL
May 03, 2024 1:11:29 AM SAPEmail.EventAPIClient compareAndOutputResults
INFO: Created by value: EA_BM_B01_BL, Recipient emails: [rebin.babu@dewa.gov.ae, rebin.babu@dewa.gov.ae]
May 03, 2024 1:11:33 AM SAPEmail.EventAPIClient sendEmail
INFO: Email sent successfully!
May 03, 2024 1:17:12 AM SAPEmail.EventAPIClient compareAndOutputResults
INFO: resultsArray:
[["2024-05-02T19:20:11.877Z","EA_BM_B01_BL","ZCS_R_D1_NOTIF_UPDATE_EXPIRED","Object does not exist (status management) ; Job canceled after system exception ERROR_MESSAGE"]]
May 03, 2024 1:17:12 AM SAPEmail.EventAPIClient compareAndOutputResults
INFO: Added recipient email rebin.babu@dewa.gov.ae for createdByValue EA_BM_B01_BL
May 03, 2024 1:17:12 AM SAPEmail.EventAPIClient compareAndOutputResults
INFO: Added recipient email rebin.babu@dewa.gov.ae for createdByValue EA_BM_B01_BL
May 03, 2024 1:17:12 AM SAPEmail.EventAPIClient compareAndOutputResults
INFO: Created by value: EA_BM_B01_BL, Recipient emails: [rebin.babu@dewa.gov.ae, rebin.babu@dewa.gov.ae]
May 03, 2024 1:17:33 AM SAPEmail.EventAPIClient compareAndOutputResults
INFO: resultsArray:
[["2024-05-02T19:20:11.877Z","EA_BM_B01_BL","ZCS_R_D1_NOTIF_UPDATE_EXPIRED","Object does not exist (status management) ; Job canceled after system exception ERROR_MESSAGE"]]
May 03, 2024 1:17:33 AM SAPEmail.EventAPIClient compareAndOutputResults
INFO: Added recipient email rebin.babu@dewa.gov.ae for createdByValue EA_BM_B01_BL
May 03, 2024 1:17:33 AM SAPEmail.EventAPIClient compareAndOutputResults
INFO: Added recipient email rebin.babu@dewa.gov.ae for createdByValue EA_BM_B01_BL
May 03, 2024 1:17:33 AM SAPEmail.EventAPIClient compareAndOutputResults
INFO: Created by value: EA_BM_B01_BL, Recipient emails: [rebin.babu@dewa.gov.ae, rebin.babu@dewa.gov.ae]
May 03, 2024 1:17:42 AM SAPEmail.EventAPIClient compareAndOutputResults
INFO: resultsArray:
[["2024-05-02T19:20:11.877Z","EA_BM_B01_BL","ZCS_R_D1_NOTIF_UPDATE_EXPIRED","Object does not exist (status management) ; Job canceled after system exception ERROR_MESSAGE"]]
May 03, 2024 1:17:42 AM SAPEmail.EventAPIClient compareAndOutputResults
INFO: Added recipient email rebin.babu@dewa.gov.ae for createdByValue EA_BM_B01_BL
May 03, 2024 1:17:42 AM SAPEmail.EventAPIClient compareAndOutputResults
INFO: Added recipient email rebin.babu@dewa.gov.ae for createdByValue EA_BM_B01_BL
May 03, 2024 1:17:42 AM SAPEmail.EventAPIClient compareAndOutputResults
INFO: Created by value: EA_BM_B01_BL, Recipient emails: [rebin.babu@dewa.gov.ae, rebin.babu@dewa.gov.ae]
May 03, 2024 1:23:53 AM SAPEmail.EventAPIClient compareAndOutputResults
INFO: resultsArray:
[["2024-05-02T19:20:11.877Z","EA_BM_B01_BL","ZCS_R_D1_NOTIF_UPDATE_EXPIRED","Object does not exist (status management) ; Job canceled after system exception ERROR_MESSAGE"]]
May 03, 2024 1:23:53 AM SAPEmail.EventAPIClient compareAndOutputResults
INFO: Added recipient email rebin.babu@dewa.gov.ae for createdByValue EA_BM_B01_BL
May 03, 2024 1:23:53 AM SAPEmail.EventAPIClient compareAndOutputResults
INFO: Added recipient email rebin.babu@dewa.gov.ae for createdByValue EA_BM_B01_BL
May 03, 2024 1:23:53 AM SAPEmail.EventAPIClient compareAndOutputResults
INFO: Created by value: EA_BM_B01_BL, Recipient emails: [rebin.babu@dewa.gov.ae, rebin.babu@dewa.gov.ae]
May 03, 2024 1:24:01 AM SAPEmail.EventAPIClient sendEmail
INFO: Email sent successfully!
May 03, 2024 1:24:05 AM SAPEmail.EventAPIClient sendEmail
INFO: Email sent successfully!
May 03, 2024 1:28:59 AM SAPEmail.EventAPIClient compareAndOutputResults
INFO: resultsArray:
[["2024-05-02T19:20:11.877Z","EA_BM_B01_BL","ZCS_R_D1_NOTIF_UPDATE_EXPIRED","Object does not exist (status management) ; Job canceled after system exception ERROR_MESSAGE"]]
May 03, 2024 1:28:59 AM SAPEmail.EventAPIClient compareAndOutputResults
INFO: Added recipient email rebin.babu@dewa.gov.ae for createdByValue EA_BM_B01_BL
May 03, 2024 1:28:59 AM SAPEmail.EventAPIClient compareAndOutputResults
INFO: Added recipient email rebin.babu@dewa.gov.ae for createdByValue EA_BM_B01_BL
May 03, 2024 1:28:59 AM SAPEmail.EventAPIClient compareAndOutputResults
INFO: Created by value: EA_BM_B01_BL, Recipient emails: [rebin.babu@dewa.gov.ae, rebin.babu@dewa.gov.ae]
May 03, 2024 1:29:05 AM SAPEmail.EventAPIClient sendEmail
INFO: Email sent successfully!
May 03, 2024 1:29:07 AM SAPEmail.EventAPIClient sendEmail
INFO: Email sent successfully!
May 03, 2024 1:33:47 AM SAPEmail.EventAPIClient compareAndOutputResults
INFO: resultsArray:
[["2024-05-02T21:33:39.501Z","E0024903","ZMMR_MR_FORM","Cannot find PDL type for output device LOCL ; Job canceled after system exception ERROR_MESSAGE"],["2024-05-02T19:20:11.877Z","EA_BM_B01_BL","ZCS_R_D1_NOTIF_UPDATE_EXPIRED","Object does not exist (status management) ; Job canceled after system exception ERROR_MESSAGE"]]
May 03, 2024 1:33:47 AM SAPEmail.EventAPIClient compareAndOutputResults
INFO: Added recipient email rebin.babu@dewa.gov.ae for createdByValue E0024903
May 03, 2024 1:33:47 AM SAPEmail.EventAPIClient compareAndOutputResults
INFO: Added recipient email rebin.babu@dewa.gov.ae for createdByValue EA_BM_B01_BL
May 03, 2024 1:33:47 AM SAPEmail.EventAPIClient compareAndOutputResults
INFO: Added recipient email rebin.babu@dewa.gov.ae for createdByValue EA_BM_B01_BL
May 03, 2024 1:33:47 AM SAPEmail.EventAPIClient compareAndOutputResults
INFO: Created by value: E0024903, Recipient emails: [rebin.babu@dewa.gov.ae]
May 03, 2024 1:33:47 AM SAPEmail.EventAPIClient compareAndOutputResults
INFO: Created by value: EA_BM_B01_BL, Recipient emails: [rebin.babu@dewa.gov.ae, rebin.babu@dewa.gov.ae]
May 03, 2024 1:33:56 AM SAPEmail.EventAPIClient sendEmail
INFO: Email sent successfully!
May 03, 2024 1:33:59 AM SAPEmail.EventAPIClient sendEmail
INFO: Email sent successfully!
May 03, 2024 1:34:02 AM SAPEmail.EventAPIClient sendEmail
INFO: Email sent successfully!
May 03, 2024 1:54:40 AM SAPEmail.EventAPIClient compareAndOutputResults
INFO: resultsArray:
[["2024-05-02T21:33:39.501Z","E0024903","ZMMR_MR_FORM","Cannot find PDL type for output device LOCL ; Job canceled after system exception ERROR_MESSAGE"],["2024-05-02T19:20:11.877Z","EA_BM_B01_BL","ZCS_R_D1_NOTIF_UPDATE_EXPIRED","Object does not exist (status management) ; Job canceled after system exception ERROR_MESSAGE"]]
May 03, 2024 1:54:40 AM SAPEmail.EventAPIClient compareAndOutputResults
INFO: Added recipient email rebin.babu@dewa.gov.ae for createdByValue E0024903
May 03, 2024 1:54:40 AM SAPEmail.EventAPIClient compareAndOutputResults
INFO: Added recipient email rebin.babu@dewa.gov.ae for createdByValue EA_BM_B01_BL
May 03, 2024 1:54:40 AM SAPEmail.EventAPIClient compareAndOutputResults
INFO: Added recipient email rebin.babu@dewa.gov.ae for createdByValue EA_BM_B01_BL
May 03, 2024 1:54:40 AM SAPEmail.EventAPIClient compareAndOutputResults
INFO: Created by value: E0024903, Recipient emails: [rebin.babu@dewa.gov.ae]
May 03, 2024 1:54:40 AM SAPEmail.EventAPIClient compareAndOutputResults
INFO: Created by value: EA_BM_B01_BL, Recipient emails: [rebin.babu@dewa.gov.ae, rebin.babu@dewa.gov.ae]
May 03, 2024 2:28:38 PM SAPEmail.EventAPIClient compareAndOutputResults
INFO: resultsArray:
[["2024-05-03T10:15:45.244Z","EA_BM_B01_BL","ZCS_R_D1_NOTIF_UPDATE_EXPIRED","Object does not exist (status management) ; Job canceled after system exception ERROR_MESSAGE"],["2024-05-03T10:15:40.130Z","E0024903","ZMMR_MR_FORM","Cannot find PDL type for output device LOCL ; Job canceled after system exception ERROR_MESSAGE"]]
May 03, 2024 2:28:38 PM SAPEmail.EventAPIClient compareAndOutputResults
INFO: Added recipient email rebin.babu@dewa.gov.ae for createdByValue EA_BM_B01_BL
May 03, 2024 2:28:38 PM SAPEmail.EventAPIClient compareAndOutputResults
INFO: Added recipient email rebin.babu@dewa.gov.ae for createdByValue EA_BM_B01_BL
May 03, 2024 2:28:38 PM SAPEmail.EventAPIClient compareAndOutputResults
INFO: Added recipient email rebin.babu@dewa.gov.ae for createdByValue E0024903
May 03, 2024 2:28:38 PM SAPEmail.EventAPIClient compareAndOutputResults
INFO: Created by value: E0024903, Recipient emails: [rebin.babu@dewa.gov.ae]
May 03, 2024 2:28:38 PM SAPEmail.EventAPIClient compareAndOutputResults
INFO: Created by value: EA_BM_B01_BL, Recipient emails: [rebin.babu@dewa.gov.ae, rebin.babu@dewa.gov.ae]
May 03, 2024 2:28:38 PM SAPEmail.EventAPIClient sendEmail
INFO: Number of recipients added: 1
May 03, 2024 2:28:47 PM SAPEmail.EventAPIClient sendEmail
INFO: Email sent successfully!
May 03, 2024 2:28:47 PM SAPEmail.EventAPIClient sendEmail
INFO: Number of recipients added: 2
May 03, 2024 2:28:50 PM SAPEmail.EventAPIClient sendEmail
INFO: Email sent successfully!
May 03, 2024 2:31:17 PM SAPEmail.EventAPIClient compareAndOutputResults
INFO: resultsArray:
[["2024-05-03T10:15:45.244Z","EA_BM_B01_BL","ZCS_R_D1_NOTIF_UPDATE_EXPIRED","Object does not exist (status management) ; Job canceled after system exception ERROR_MESSAGE"],["2024-05-03T10:15:40.130Z","E0024903","ZMMR_MR_FORM","Cannot find PDL type for output device LOCL ; Job canceled after system exception ERROR_MESSAGE"]]
May 03, 2024 2:31:17 PM SAPEmail.EventAPIClient compareAndOutputResults
INFO: Added recipient email rebin.babu@dewa.gov.ae for createdByValue EA_BM_B01_BL
May 03, 2024 2:31:17 PM SAPEmail.EventAPIClient compareAndOutputResults
INFO: Added recipient email rebin.parathanathu@gmail.com for createdByValue EA_BM_B01_BL
May 03, 2024 2:31:17 PM SAPEmail.EventAPIClient compareAndOutputResults
INFO: Added recipient email rebin.babu@dewa.gov.ae for createdByValue E0024903
May 03, 2024 2:31:17 PM SAPEmail.EventAPIClient compareAndOutputResults
INFO: Created by value: E0024903, Recipient emails: [rebin.babu@dewa.gov.ae]
May 03, 2024 2:31:17 PM SAPEmail.EventAPIClient compareAndOutputResults
INFO: Created by value: EA_BM_B01_BL, Recipient emails: [rebin.babu@dewa.gov.ae, rebin.parathanathu@gmail.com]
May 03, 2024 2:31:17 PM SAPEmail.EventAPIClient sendEmail
INFO: Number of recipients added: 1
May 03, 2024 2:31:24 PM SAPEmail.EventAPIClient sendEmail
INFO: Email sent successfully!
May 03, 2024 2:31:24 PM SAPEmail.EventAPIClient sendEmail
INFO: Number of recipients added: 2
May 03, 2024 2:31:27 PM SAPEmail.EventAPIClient sendEmail
INFO: Email sent successfully!
May 03, 2024 3:22:28 PM SAPEmail.EventAPIClient compareAndOutputResults
INFO: resultsArray:
[["2024-05-03T10:15:45.244Z","EA_BM_B01_BL","ZCS_R_D1_NOTIF_UPDATE_EXPIRED","Object does not exist (status management) ; Job canceled after system exception ERROR_MESSAGE"],["2024-05-03T10:15:40.130Z","E0024903","ZMMR_MR_FORM","Cannot find PDL type for output device LOCL ; Job canceled after system exception ERROR_MESSAGE"]]
May 03, 2024 3:22:28 PM SAPEmail.EventAPIClient compareAndOutputResults
INFO: Added recipient email rebin.babu@dewa.gov.ae for createdByValue EA_BM_B01_BL
May 03, 2024 3:22:28 PM SAPEmail.EventAPIClient compareAndOutputResults
INFO: Added recipient email rebin.parathanathu@gmail.com for createdByValue EA_BM_B01_BL
May 03, 2024 3:22:28 PM SAPEmail.EventAPIClient compareAndOutputResults
INFO: Added recipient email rebin.babu@dewa.gov.ae for createdByValue E0024903
May 03, 2024 3:22:28 PM SAPEmail.EventAPIClient compareAndOutputResults
INFO: Created by value: E0024903, Recipient emails: [rebin.babu@dewa.gov.ae]
May 03, 2024 3:22:28 PM SAPEmail.EventAPIClient compareAndOutputResults
INFO: Created by value: EA_BM_B01_BL, Recipient emails: [rebin.babu@dewa.gov.ae, rebin.parathanathu@gmail.com]
May 03, 2024 3:22:33 PM SAPEmail.EventAPIClient sendEmail
INFO: Email sent successfully!
May 03, 2024 3:22:36 PM SAPEmail.EventAPIClient sendEmail
INFO: Email sent successfully!
May 03, 2024 3:31:54 PM SAPEmail.EventAPIClient compareAndOutputResults
INFO: resultsArray:
[["2024-05-03T10:15:45.244Z","EA_BM_B01_BL","ZCS_R_D1_NOTIF_UPDATE_EXPIRED","Object does not exist (status management) ; Job canceled after system exception ERROR_MESSAGE"],["2024-05-03T10:15:40.130Z","E0024903","ZMMR_MR_FORM","Cannot find PDL type for output device LOCL ; Job canceled after system exception ERROR_MESSAGE"]]
May 03, 2024 3:31:54 PM SAPEmail.EventAPIClient compareAndOutputResults
INFO: Added recipient email rebin.babu@dewa.gov.ae for createdByValue EA_BM_B01_BL
May 03, 2024 3:31:54 PM SAPEmail.EventAPIClient compareAndOutputResults
INFO: Added recipient email rebin.parathanathu@gmail.com for createdByValue EA_BM_B01_BL
May 03, 2024 3:31:54 PM SAPEmail.EventAPIClient compareAndOutputResults
INFO: Added recipient email rebin.babu@dewa.gov.ae for createdByValue E0024903
May 03, 2024 3:31:54 PM SAPEmail.EventAPIClient compareAndOutputResults
INFO: Created by value: E0024903, Recipient emails: [rebin.babu@dewa.gov.ae]
May 03, 2024 3:31:54 PM SAPEmail.EventAPIClient compareAndOutputResults
INFO: Created by value: EA_BM_B01_BL, Recipient emails: [rebin.babu@dewa.gov.ae, rebin.parathanathu@gmail.com]
May 03, 2024 3:31:58 PM SAPEmail.EventAPIClient sendEmail
INFO: Email sent successfully!
May 03, 2024 3:32:01 PM SAPEmail.EventAPIClient sendEmail
INFO: Email sent successfully!
May 03, 2024 3:32:37 PM SAPEmail.EventAPIClient compareAndOutputResults
INFO: resultsArray:
[["2024-05-03T10:15:45.244Z","EA_BM_B01_BL","ZCS_R_D1_NOTIF_UPDATE_EXPIRED","Object does not exist (status management) ; Job canceled after system exception ERROR_MESSAGE"],["2024-05-03T10:15:40.130Z","E0024903","ZMMR_MR_FORM","Cannot find PDL type for output device LOCL ; Job canceled after system exception ERROR_MESSAGE"]]
May 03, 2024 3:32:37 PM SAPEmail.EventAPIClient compareAndOutputResults
INFO: Added recipient email rebin.babu@dewa.gov.ae for createdByValue EA_BM_B01_BL
May 03, 2024 3:32:37 PM SAPEmail.EventAPIClient compareAndOutputResults
INFO: Added recipient email rebin.parathanathu@gmail.com for createdByValue EA_BM_B01_BL
May 03, 2024 3:32:37 PM SAPEmail.EventAPIClient compareAndOutputResults
INFO: Added recipient email rebin.babu@dewa.gov.ae for createdByValue E0024903
May 03, 2024 3:32:37 PM SAPEmail.EventAPIClient compareAndOutputResults
INFO: Created by value: E0024903, Recipient emails: [rebin.babu@dewa.gov.ae]
May 03, 2024 3:32:37 PM SAPEmail.EventAPIClient compareAndOutputResults
INFO: Created by value: EA_BM_B01_BL, Recipient emails: [rebin.babu@dewa.gov.ae, rebin.parathanathu@gmail.com]
May 03, 2024 3:32:44 PM SAPEmail.EventAPIClient sendEmail
INFO: Email sent successfully!
May 03, 2024 3:32:47 PM SAPEmail.EventAPIClient sendEmail
INFO: Email sent successfully!
May 03, 2024 3:51:32 PM SAPEmail.EventAPIClient compareAndOutputResults
INFO: resultsArray:
[["2024-05-03T10:15:45.244Z","EA_BM_B01_BL","ZCS_R_D1_NOTIF_UPDATE_EXPIRED","Object does not exist (status management) ; Job canceled after system exception ERROR_MESSAGE"],["2024-05-03T10:15:40.130Z","E0024903","ZMMR_MR_FORM","Cannot find PDL type for output device LOCL ; Job canceled after system exception ERROR_MESSAGE"]]
May 03, 2024 3:51:33 PM SAPEmail.EventAPIClient compareAndOutputResults
INFO: Added recipient email rebin.babu@dewa.gov.ae for createdByValue EA_BM_B01_BL
May 03, 2024 3:51:33 PM SAPEmail.EventAPIClient compareAndOutputResults
INFO: Added recipient email rebin.parathanathu@gmail.com for createdByValue EA_BM_B01_BL
May 03, 2024 3:51:33 PM SAPEmail.EventAPIClient compareAndOutputResults
INFO: Added recipient email rebin.babu@dewa.gov.ae for createdByValue E0024903
May 03, 2024 3:51:33 PM SAPEmail.EventAPIClient compareAndOutputResults
INFO: Created by value: E0024903, Recipient emails: [rebin.babu@dewa.gov.ae]
May 03, 2024 3:51:33 PM SAPEmail.EventAPIClient compareAndOutputResults
INFO: Created by value: EA_BM_B01_BL, Recipient emails: [rebin.babu@dewa.gov.ae, rebin.parathanathu@gmail.com]
May 03, 2024 3:51:42 PM SAPEmail.EventAPIClient sendEmail
INFO: Email sent successfully!
May 03, 2024 3:51:45 PM SAPEmail.EventAPIClient sendEmail
INFO: Email sent successfully!
May 03, 2024 4:11:07 PM SAPEmail.EventAPIClient compareAndOutputResults
INFO: resultsArray:
[["2024-05-03T10:15:45.244Z","EA_BM_B01_BL","ZCS_R_D1_NOTIF_UPDATE_EXPIRED","Object does not exist (status management) ; Job canceled after system exception ERROR_MESSAGE"],["2024-05-03T10:15:40.130Z","E0024903","ZMMR_MR_FORM","Cannot find PDL type for output device LOCL ; Job canceled after system exception ERROR_MESSAGE"]]
May 03, 2024 4:11:07 PM SAPEmail.EventAPIClient compareAndOutputResults
INFO: Added recipient email rebin.babu@dewa.gov.ae for createdByValue EA_BM_B01_BL
May 03, 2024 4:11:07 PM SAPEmail.EventAPIClient compareAndOutputResults
INFO: Added recipient email rebin.parathanathu@gmail.com for createdByValue EA_BM_B01_BL
May 03, 2024 4:11:07 PM SAPEmail.EventAPIClient compareAndOutputResults
INFO: Added recipient email rebin.babu@dewa.gov.ae for createdByValue E0024903
May 03, 2024 4:11:07 PM SAPEmail.EventAPIClient compareAndOutputResults
INFO: Created by value: E0024903, Recipient emails: [rebin.babu@dewa.gov.ae]
May 03, 2024 4:11:07 PM SAPEmail.EventAPIClient compareAndOutputResults
INFO: Created by value: EA_BM_B01_BL, Recipient emails: [rebin.babu@dewa.gov.ae, rebin.parathanathu@gmail.com]
May 03, 2024 4:11:17 PM SAPEmail.EventAPIClient sendEmail
INFO: Email sent successfully!
May 03, 2024 4:11:21 PM SAPEmail.EventAPIClient sendEmail
INFO: Email sent successfully!
May 03, 2024 4:18:33 PM SAPEmail.EventAPIClient compareAndOutputResults
INFO: resultsArray:
[["2024-05-03T10:15:45.244Z","EA_BM_B01_BL","ZCS_R_D1_NOTIF_UPDATE_EXPIRED","Object does not exist (status management) ; Job canceled after system exception ERROR_MESSAGE"],["2024-05-03T10:15:40.130Z","E0024903","ZMMR_MR_FORM","Cannot find PDL type for output device LOCL ; Job canceled after system exception ERROR_MESSAGE"]]
May 03, 2024 4:18:33 PM SAPEmail.EventAPIClient compareAndOutputResults
INFO: Added recipient email rebin.babu@dewa.gov.ae for createdByValue EA_BM_B01_BL
May 03, 2024 4:18:33 PM SAPEmail.EventAPIClient compareAndOutputResults
INFO: Added recipient email rebin.parathanathu@gmail.com for createdByValue EA_BM_B01_BL
May 03, 2024 4:18:33 PM SAPEmail.EventAPIClient compareAndOutputResults
INFO: Added recipient email rebin.babu@dewa.gov.ae for createdByValue E0024903
May 03, 2024 4:18:33 PM SAPEmail.EventAPIClient compareAndOutputResults
INFO: Created by value: E0024903, Recipient emails: [rebin.babu@dewa.gov.ae]
May 03, 2024 4:18:33 PM SAPEmail.EventAPIClient compareAndOutputResults
INFO: Created by value: EA_BM_B01_BL, Recipient emails: [rebin.babu@dewa.gov.ae, rebin.parathanathu@gmail.com]
May 03, 2024 4:18:42 PM SAPEmail.EventAPIClient sendEmail
INFO: Email sent successfully!
May 03, 2024 4:18:45 PM SAPEmail.EventAPIClient sendEmail
INFO: Email sent successfully!
May 03, 2024 4:28:36 PM SAPEmail.EventAPIClient compareAndOutputResults
INFO: resultsArray:
[["2024-05-03T10:15:45.244Z","EA_BM_B01_BL","ZCS_R_D1_NOTIF_UPDATE_EXPIRED","Object does not exist (status management) ; Job canceled after system exception ERROR_MESSAGE"],["2024-05-03T10:15:40.130Z","E0024903","ZMMR_MR_FORM","Cannot find PDL type for output device LOCL ; Job canceled after system exception ERROR_MESSAGE"]]
May 03, 2024 4:28:37 PM SAPEmail.EventAPIClient compareAndOutputResults
INFO: Added recipient email rebin.babu@dewa.gov.ae for createdByValue EA_BM_B01_BL
May 03, 2024 4:28:37 PM SAPEmail.EventAPIClient compareAndOutputResults
INFO: Added recipient email rebin.parathanathu@gmail.com for createdByValue EA_BM_B01_BL
May 03, 2024 4:28:37 PM SAPEmail.EventAPIClient compareAndOutputResults
INFO: Added recipient email rebin.babu@dewa.gov.ae for createdByValue E0024903
May 03, 2024 4:28:37 PM SAPEmail.EventAPIClient compareAndOutputResults
INFO: Created by value: E0024903, Recipient emails: [rebin.babu@dewa.gov.ae]
May 03, 2024 4:28:37 PM SAPEmail.EventAPIClient compareAndOutputResults
INFO: Created by value: EA_BM_B01_BL, Recipient emails: [rebin.babu@dewa.gov.ae, rebin.parathanathu@gmail.com]
May 03, 2024 4:28:45 PM SAPEmail.EventAPIClient sendEmail
INFO: Email sent successfully!
May 03, 2024 4:28:48 PM SAPEmail.EventAPIClient sendEmail
INFO: Email sent successfully!
May 03, 2024 4:30:43 PM SAPEmail.EventAPIClient compareAndOutputResults
INFO: resultsArray:
[["2024-05-03T10:15:45.244Z","EA_BM_B01_BL","ZCS_R_D1_NOTIF_UPDATE_EXPIRED","Object does not exist (status management) ; Job canceled after system exception ERROR_MESSAGE"],["2024-05-03T10:15:40.130Z","E0024903","ZMMR_MR_FORM","Cannot find PDL type for output device LOCL ; Job canceled after system exception ERROR_MESSAGE"]]
May 03, 2024 4:30:43 PM SAPEmail.EventAPIClient compareAndOutputResults
INFO: Added recipient email rebin.babu@dewa.gov.ae for createdByValue EA_BM_B01_BL
May 03, 2024 4:30:43 PM SAPEmail.EventAPIClient compareAndOutputResults
INFO: Added recipient email rebin.parathanathu@gmail.com for createdByValue EA_BM_B01_BL
May 03, 2024 4:30:43 PM SAPEmail.EventAPIClient compareAndOutputResults
INFO: Added recipient email rebin.babu@dewa.gov.ae for createdByValue E0024903
May 03, 2024 4:30:43 PM SAPEmail.EventAPIClient compareAndOutputResults
INFO: Created by value: E0024903, Recipient emails: [rebin.babu@dewa.gov.ae]
May 03, 2024 4:30:43 PM SAPEmail.EventAPIClient compareAndOutputResults
INFO: Created by value: EA_BM_B01_BL, Recipient emails: [rebin.babu@dewa.gov.ae, rebin.parathanathu@gmail.com]
May 03, 2024 4:30:51 PM SAPEmail.EventAPIClient sendEmail
INFO: Email sent successfully!
May 03, 2024 4:30:54 PM SAPEmail.EventAPIClient sendEmail
INFO: Email sent successfully!
May 03, 2024 4:48:50 PM SAPEmail.EventAPIClient compareAndOutputResults
INFO: resultsArray:
[["2024-05-03T10:15:45.244Z","EA_BM_B01_BL","ZCS_R_D1_NOTIF_UPDATE_EXPIRED","Object does not exist (status management) ; Job canceled after system exception ERROR_MESSAGE"],["2024-05-03T10:15:40.130Z","E0024903","ZMMR_MR_FORM","Cannot find PDL type for output device LOCL ; Job canceled after system exception ERROR_MESSAGE"]]
May 03, 2024 4:48:50 PM SAPEmail.EventAPIClient compareAndOutputResults
INFO: Added recipient email rebin.babu@dewa.gov.ae for createdByValue EA_BM_B01_BL
May 03, 2024 4:48:50 PM SAPEmail.EventAPIClient compareAndOutputResults
INFO: Added recipient email rebin.parathanathu@gmail.com for createdByValue EA_BM_B01_BL
May 03, 2024 4:48:50 PM SAPEmail.EventAPIClient compareAndOutputResults
INFO: Added recipient email rebin.babu@dewa.gov.ae for createdByValue E0024903
May 03, 2024 4:48:50 PM SAPEmail.EventAPIClient compareAndOutputResults
INFO: Created by value: E0024903, Recipient emails: [rebin.babu@dewa.gov.ae]
May 03, 2024 4:48:50 PM SAPEmail.EventAPIClient compareAndOutputResults
INFO: Created by value: EA_BM_B01_BL, Recipient emails: [rebin.babu@dewa.gov.ae, rebin.parathanathu@gmail.com]
May 03, 2024 4:48:59 PM SAPEmail.EventAPIClient sendEmail
INFO: Email sent successfully!
May 03, 2024 4:49:03 PM SAPEmail.EventAPIClient sendEmail
INFO: Email sent successfully!
May 04, 2024 2:30:50 PM SAPEmail.EventAPIClient compareAndOutputResults
INFO: resultsArray:
[["2024-05-04T10:11:49.216Z","E0024903","ZMMR_MR_FORM","Cannot find PDL type for output device LOCL ; Job canceled after system exception ERROR_MESSAGE"],["2024-05-04T10:11:44.433Z","EA_BM_B01_BL","ZCS_R_D1_NOTIF_UPDATE_EXPIRED","Object does not exist (status management) ; Job canceled after system exception ERROR_MESSAGE"]]
May 04, 2024 2:30:50 PM SAPEmail.EventAPIClient compareAndOutputResults
INFO: Added recipient email rebin.babu@dewa.gov.ae for createdByValue E0024903
May 04, 2024 2:30:50 PM SAPEmail.EventAPIClient compareAndOutputResults
INFO: Added recipient email rebin.babu@dewa.gov.ae for createdByValue EA_BM_B01_BL
May 04, 2024 2:30:50 PM SAPEmail.EventAPIClient compareAndOutputResults
INFO: Added recipient email rebin.parathanathu@gmail.com for createdByValue EA_BM_B01_BL
May 04, 2024 2:30:50 PM SAPEmail.EventAPIClient compareAndOutputResults
INFO: Created by value: E0024903, Recipient emails: [rebin.babu@dewa.gov.ae]
May 04, 2024 2:30:50 PM SAPEmail.EventAPIClient compareAndOutputResults
INFO: Created by value: EA_BM_B01_BL, Recipient emails: [rebin.babu@dewa.gov.ae, rebin.parathanathu@gmail.com]
May 04, 2024 2:30:59 PM SAPEmail.EventAPIClient sendEmail
INFO: Email sent successfully!
May 04, 2024 2:31:02 PM SAPEmail.EventAPIClient sendEmail
INFO: Email sent successfully!
May 04, 2024 2:32:46 PM SAPEmail.EventAPIClient compareAndOutputResults
INFO: resultsArray:
[["2024-05-04T10:11:49.216Z","E0024903","ZMMR_MR_FORM","Cannot find PDL type for output device LOCL ; Job canceled after system exception ERROR_MESSAGE"],["2024-05-04T10:11:44.433Z","EA_BM_B01_BL","ZCS_R_D1_NOTIF_UPDATE_EXPIRED","Object does not exist (status management) ; Job canceled after system exception ERROR_MESSAGE"]]
May 04, 2024 2:32:46 PM SAPEmail.EventAPIClient compareAndOutputResults
INFO: Added recipient email rebin.babu@dewa.gov.ae for createdByValue E0024903
May 04, 2024 2:32:46 PM SAPEmail.EventAPIClient compareAndOutputResults
INFO: Added recipient email rebin.babu@dewa.gov.ae for createdByValue EA_BM_B01_BL
May 04, 2024 2:32:46 PM SAPEmail.EventAPIClient compareAndOutputResults
INFO: Added recipient email rebin.parathanathu@gmail.com for createdByValue EA_BM_B01_BL
May 04, 2024 2:32:46 PM SAPEmail.EventAPIClient compareAndOutputResults
INFO: Created by value: E0024903, Recipient emails: [rebin.babu@dewa.gov.ae]
May 04, 2024 2:32:46 PM SAPEmail.EventAPIClient compareAndOutputResults
INFO: Created by value: EA_BM_B01_BL, Recipient emails: [rebin.babu@dewa.gov.ae, rebin.parathanathu@gmail.com]
May 04, 2024 2:32:51 PM SAPEmail.EventAPIClient sendEmail
INFO: Email sent successfully!
May 04, 2024 2:32:54 PM SAPEmail.EventAPIClient sendEmail
INFO: Email sent successfully!
May 04, 2024 3:07:59 PM SAPEmail.EventAPIClient compareAndOutputResults
INFO: resultsArray:
[["2024-05-04T10:11:49.216Z","E0024903","ZMMR_MR_FORM","Cannot find PDL type for output device LOCL ; Job canceled after system exception ERROR_MESSAGE"],["2024-05-04T10:11:44.433Z","EA_BM_B01_BL","ZCS_R_D1_NOTIF_UPDATE_EXPIRED","Object does not exist (status management) ; Job canceled after system exception ERROR_MESSAGE"]]
May 04, 2024 3:07:59 PM SAPEmail.EventAPIClient compareAndOutputResults
INFO: Added recipient email rebin.babu@dewa.gov.ae for createdByValue E0024903
May 04, 2024 3:07:59 PM SAPEmail.EventAPIClient compareAndOutputResults
INFO: Added recipient email rebin.babu@dewa.gov.ae for createdByValue EA_BM_B01_BL
May 04, 2024 3:07:59 PM SAPEmail.EventAPIClient compareAndOutputResults
INFO: Added recipient email rebin.parathanathu@gmail.com for createdByValue EA_BM_B01_BL
May 04, 2024 3:07:59 PM SAPEmail.EventAPIClient compareAndOutputResults
INFO: Created by value: E0024903, Recipient emails: [rebin.babu@dewa.gov.ae]
May 04, 2024 3:07:59 PM SAPEmail.EventAPIClient compareAndOutputResults
INFO: Created by value: EA_BM_B01_BL, Recipient emails: [rebin.babu@dewa.gov.ae, rebin.parathanathu@gmail.com]
May 04, 2024 3:08:04 PM SAPEmail.EventAPIClient sendEmail
INFO: Email sent successfully!
May 04, 2024 3:08:07 PM SAPEmail.EventAPIClient sendEmail
INFO: Email sent successfully!
